ApplicationName: test-rds-pyapp
DateUpdated: 2022-11-11 11:05:16+00:00
EnvironmentName: test-rds-pyapp-env
PlatformArn: arn:aws:elasticbeanstalk:eu-central-1::platform/Python 3.8 running on
  64bit Amazon Linux 2/3.4.1
settings:
  aws:autoscaling:asg:
    Availability Zones: Any
    Cooldown: '360'
    Custom Availability Zones: ''
    EnableCapacityRebalancing: 'false'
    MaxSize: '1'
    MinSize: '1'
  aws:autoscaling:launchconfiguration:
    BlockDeviceMappings: null
    DisableIMDSv1: 'false'
    EC2KeyName: SSH_key_Frankfurt
    IamInstanceProfile: aws-elasticbeanstalk-ec2-role
    ImageId: ami-0c01cd887b1a3598d
    InstanceType: t2.micro
    MonitoringInterval: 5 minute
    RootVolumeIOPS: null
    RootVolumeSize: null
    RootVolumeThroughput: null
    RootVolumeType: null
    SSHSourceRestriction: tcp,22,22,0.0.0.0/0
    SecurityGroups: sg-074b754b4c3f04938,sg-0b4a9b75f1647fa0e
  aws:autoscaling:updatepolicy:rollingupdate:
    MaxBatchSize: null
    MinInstancesInService: null
    PauseTime: null
    RollingUpdateEnabled: 'false'
    RollingUpdateType: Time
    Timeout: PT30M
  aws:ec2:instances:
    EnableSpot: 'false'
    InstanceTypes: t2.micro
    SpotFleetOnDemandAboveBasePercentage: '0'
    SpotFleetOnDemandBase: '0'
    SpotMaxPrice: null
    SupportedArchitectures: x86_64
  aws:ec2:vpc:
    AssociatePublicIpAddress: 'false'
    ELBScheme: public
    ELBSubnets: subnet-0b6ebda9468474711,subnet-0da11cf61712f3a1f
    Subnets: subnet-0da11cf61712f3a1f,subnet-0b6ebda9468474711
    VPCId: vpc-09d284f0780ba1061
  aws:elasticbeanstalk:application:
    Application Healthcheck URL: ''
  aws:elasticbeanstalk:cloudwatch:logs:
    DeleteOnTerminate: 'false'
    RetentionInDays: '7'
    StreamLogs: 'false'
  aws:elasticbeanstalk:cloudwatch:logs:health:
    DeleteOnTerminate: 'false'
    HealthStreamingEnabled: 'false'
    RetentionInDays: '7'
  aws:elasticbeanstalk:command:
    BatchSize: '30'
    BatchSizeType: Percentage
    DeploymentPolicy: Rolling
    IgnoreHealthCheck: 'false'
    Timeout: '600'
  aws:elasticbeanstalk:container:python:
    NumProcesses: '1'
    NumThreads: '15'
    WSGIPath: application
  aws:elasticbeanstalk:control:
    DefaultSSHPort: '22'
    LaunchTimeout: '0'
    LaunchType: Migration
    RollbackLaunchOnFailure: 'false'
  aws:elasticbeanstalk:environment:
    EnvironmentType: SingleInstance
    ExternalExtensionsS3Bucket: null
    ExternalExtensionsS3Key: null
    ServiceRole: aws-elasticbeanstalk-service-role
  aws:elasticbeanstalk:environment:proxy:
    ProxyServer: nginx
  aws:elasticbeanstalk:healthreporting:system:
    ConfigDocument: '{"Version":1,"CloudWatchMetrics":{"Instance":{"CPUIrq":null,"LoadAverage5min":null,"ApplicationRequests5xx":null,"ApplicationRequests4xx":null,"CPUUser":null,"LoadAverage1min":null,"ApplicationLatencyP50":null,"CPUIdle":null,"InstanceHealth":null,"ApplicationLatencyP95":null,"ApplicationLatencyP85":null,"RootFilesystemUtil":null,"ApplicationLatencyP90":null,"CPUSystem":null,"ApplicationLatencyP75":null,"CPUSoftirq":null,"ApplicationLatencyP10":null,"ApplicationLatencyP99":null,"ApplicationRequestsTotal":null,"ApplicationLatencyP99.9":null,"ApplicationRequests3xx":null,"ApplicationRequests2xx":null,"CPUIowait":null,"CPUNice":null},"Environment":{"InstancesSevere":null,"InstancesDegraded":null,"ApplicationRequests5xx":null,"ApplicationRequests4xx":null,"ApplicationLatencyP50":null,"ApplicationLatencyP95":null,"ApplicationLatencyP85":null,"InstancesUnknown":null,"ApplicationLatencyP90":null,"InstancesInfo":null,"InstancesPending":null,"ApplicationLatencyP75":null,"ApplicationLatencyP10":null,"ApplicationLatencyP99":null,"ApplicationRequestsTotal":null,"InstancesNoData":null,"ApplicationLatencyP99.9":null,"ApplicationRequests3xx":null,"ApplicationRequests2xx":null,"InstancesOk":null,"InstancesWarning":null}}}'
    EnhancedHealthAuthEnabled: 'true'
    HealthCheckSuccessThreshold: Ok
    SystemType: enhanced
  aws:elasticbeanstalk:hostmanager:
    LogPublicationControl: 'false'
  aws:elasticbeanstalk:managedactions:
    ManagedActionsEnabled: 'false'
    PreferredStartTime: null
    ServiceRoleForManagedUpdates: aws-elasticbeanstalk-service-role
  aws:elasticbeanstalk:managedactions:platformupdate:
    InstanceRefreshEnabled: 'false'
    UpdateLevel: null
  aws:elasticbeanstalk:monitoring:
    Automatically Terminate Unhealthy Instances: 'true'
  aws:elasticbeanstalk:sns:topics:
    Notification Endpoint: null
    Notification Protocol: email
    Notification Topic ARN: null
    Notification Topic Name: null
  aws:elasticbeanstalk:xray:
    XRayEnabled: 'false'
  aws:rds:dbinstance:
    HasCoupledDatabase: 'false'

